
Showing logs for build [32mcb-kubecd-node-demo-js-3-master-whvpv-3[0m stage [32mfrom-build-pack[0m and container [32mstep-credential-initializer-v7cpr[0m
{"level":"warn","ts":1587476582.0423958,"logger":"fallback-logger","caller":"logging/config.go:69","msg":"Fetch GitHub commit ID from kodata failed: \"ref: refs/heads/0.8.0-**-support-backwards-incompats\" is not a valid GitHub commit ID"}
{"level":"info","ts":1587476582.043317,"logger":"fallback-logger","caller":"creds-init/main.go:40","msg":"Credentials initialized."}

Showing logs for build [32mcb-kubecd-node-demo-js-3-master-whvpv-3[0m stage [32mfrom-build-pack[0m and container [32mstep-working-dir-initializer-nvwjc[0m
{"level":"warn","ts":1587476583.0664225,"logger":"fallback-logger","caller":"logging/config.go:69","msg":"Fetch GitHub commit ID from kodata failed: open /var/run/ko/HEAD: no such file or directory"}
{"level":"info","ts":1587476583.0676527,"logger":"fallback-logger","caller":"bash/main.go:64","msg":"Successfully executed command \"sh -c mkdir -p /workspace/source\"; output "}

Showing logs for build [32mcb-kubecd-node-demo-js-3-master-whvpv-3[0m stage [32mfrom-build-pack[0m and container [32mstep-place-tools[0m

Showing logs for build [32mcb-kubecd-node-demo-js-3-master-whvpv-3[0m stage [32mfrom-build-pack[0m and container [32mstep-git-source-cb-kubecd-node-demo-js-3-master-whvpv-llrnm[0m
{"level":"warn","ts":1587476592.1430428,"logger":"fallback-logger","caller":"logging/config.go:69","msg":"Fetch GitHub commit ID from kodata failed: \"ref: refs/heads/0.8.0-**-support-backwards-incompats\" is not a valid GitHub commit ID"}
{"level":"info","ts":1587476593.2360969,"logger":"fallback-logger","caller":"git/git.go:103","msg":"Successfully cloned https://github.com/cb-kubecd/node-demo-js-3.git @ v1.0.2 in path /workspace/source"}

Showing logs for build [32mcb-kubecd-node-demo-js-3-master-whvpv-3[0m stage [32mfrom-build-pack[0m and container [32mstep-git-merge[0m
Using SHAs from PULL_REFS=master:105038ec0a6b5a3091f1b9e3a475d98037d8d556
WARNING: no SHAs to merge, falling back to initial cloned commit

Showing logs for build [32mcb-kubecd-node-demo-js-3-master-whvpv-3[0m stage [32mfrom-build-pack[0m and container [32mstep-setup-jx-git-credentials[0m
Generated Git credentials file /workspace/xdg_config/git/credentials

Showing logs for build [32mcb-kubecd-node-demo-js-3-master-whvpv-3[0m stage [32mfrom-build-pack[0m and container [32mstep-build-npmrc[0m
Command "credential" is deprecated, it will be removed on Jun 1 2020.  This is replaced by Tekton's mounted secrets
WARNING: failed to find Secret npm-token in namespace **

Showing logs for build [32mcb-kubecd-node-demo-js-3-master-whvpv-3[0m stage [32mfrom-build-pack[0m and container [32mstep-build-npm-install[0m
npm notice created a lockfile as package-lock.json. You should commit this file.
npm WARN REPLACE_ME@1.0.2 No repository field.
npm WARN REPLACE_ME@1.0.2 No license field.

up to date in 0.495s
found 0 vulnerabilities


Showing logs for build [32mcb-kubecd-node-demo-js-3-master-whvpv-3[0m stage [32mfrom-build-pack[0m and container [32mstep-build-npm-test[0m

> REPLACE_ME@1.0.2 test /workspace/source
> echo "no test specified" && exit 0

no test specified

Showing logs for build [32mcb-kubecd-node-demo-js-3-master-whvpv-3[0m stage [32mfrom-build-pack[0m and container [32mstep-build-container-build[0m
ERROR: logging before flag.Parse: E0421 13:43:20.330082      12 metadata.go:241] Failed to unmarshal scopes: invalid character 'h' looking for beginning of value
[36mINFO[0m[0000] Resolved base name node:9-slim to node:9-slim 
[36mINFO[0m[0000] Resolved base name node:9-slim to node:9-slim 
[36mINFO[0m[0000] Downloading base image node:9-slim           
ERROR: logging before flag.Parse: E0421 13:43:20.672737      12 metadata.go:142] while reading 'google-dockercfg' metadata: http status code: 404 while fetching url http://metadata.google.internal./computeMetadata/v1/instance/attributes/google-dockercfg
ERROR: logging before flag.Parse: E0421 13:43:20.674780      12 metadata.go:159] while reading 'google-dockercfg-url' metadata: http status code: 404 while fetching url http://metadata.google.internal./computeMetadata/v1/instance/attributes/google-dockercfg-url
2020/04/21 13:43:20 No matching credentials were found, falling back on anonymous
[36mINFO[0m[0001] Error while retrieving image from cache: getting file info: stat /workspace/sha256:0e0175bbe4f8d9d104590d8d2c591017874e30977cb71aaff1cf6fa99479575c: no such file or directory 
[36mINFO[0m[0001] Downloading base image node:9-slim           
2020/04/21 13:43:21 No matching credentials were found, falling back on anonymous
[36mINFO[0m[0002] Built cross stage deps: map[]                
[36mINFO[0m[0002] Downloading base image node:9-slim           
2020/04/21 13:43:22 No matching credentials were found, falling back on anonymous
[36mINFO[0m[0003] Error while retrieving image from cache: getting file info: stat /workspace/sha256:0e0175bbe4f8d9d104590d8d2c591017874e30977cb71aaff1cf6fa99479575c: no such file or directory 
[36mINFO[0m[0003] Downloading base image node:9-slim           
2020/04/21 13:43:23 No matching credentials were found, falling back on anonymous
[36mINFO[0m[0004] Executing 0 build triggers                   
[36mINFO[0m[0004] cmd: EXPOSE                                  
[36mINFO[0m[0004] Adding exposed port: 8080/tcp                
[36mINFO[0m[0004] Using files from context: [/workspace/source] 
[36mINFO[0m[0004] Skipping unpacking as no commands require it. 
[36mINFO[0m[0004] Taking snapshot of full filesystem...        
[36mINFO[0m[0004] ENV PORT 8080                                
[36mINFO[0m[0004] No files changed in this command, skipping snapshotting. 
[36mINFO[0m[0004] EXPOSE 8080                                  
[36mINFO[0m[0004] cmd: EXPOSE                                  
[36mINFO[0m[0004] Adding exposed port: 8080/tcp                
[36mINFO[0m[0004] No files changed in this command, skipping snapshotting. 
[36mINFO[0m[0004] WORKDIR /usr/src/app                         
[36mINFO[0m[0004] cmd: workdir                                 
[36mINFO[0m[0004] Changed working directory to /usr/src/app    
[36mINFO[0m[0004] Creating directory /usr/src/app              
[36mINFO[0m[0004] Taking snapshot of files...                  
[36mINFO[0m[0004] Using files from context: [/workspace/source] 
[36mINFO[0m[0004] COPY . .                                     
[36mINFO[0m[0004] Taking snapshot of files...                  
[36mINFO[0m[0004] CMD ["npm", "start"]                         
[36mINFO[0m[0004] No files changed in this command, skipping snapshotting. 
2020/04/21 13:43:24 existing blob: sha256:e01bd28a434b56ffd2a3fe9aa99b9b69aecca69904843edd30b1ee7150d79904
2020/04/21 13:43:24 existing blob: sha256:a88538b9cd05cfa611e43a25582a95ad7879f6fa708b0386a26b71ee62235bb3
2020/04/21 13:43:24 existing blob: sha256:7d083412657baa2dafba8d093034ef26f9ed2c90fb6ed95f76bb55aff03ed429
2020/04/21 13:43:24 existing blob: sha256:5bba3ecb4cd6374a19da45f2a3db0a9c0804984358b3bb4b666c28944016e5ff
2020/04/21 13:43:25 existing blob: sha256:196b8e3c919d5639193ba6c6e54774528942041bbc37606631a2250502985c3c
2020/04/21 13:43:27 pushed blob: sha256:5521b20ab46d2e9a7d116d2be6a3b513c5c61fef0ddc20ecd71cb9a0f7b145db
2020/04/21 13:43:27 pushed blob: sha256:06730dc14b43969d5f4f085f2468de0d2fedde509f07f8e872aa4ebc24e905ac
2020/04/21 13:43:27 pushed blob: sha256:be46e836895dbdbd3c5f18c18207cca5c8eedbafb8d4c1b76fbd92831fde200a
2020/04/21 13:43:29 gcr.io/jstrachan-multicluster/node-demo-js-3:1.0.2: digest: sha256:9ee74c4d4989c768490ea4d375d5e43d64cb6bb34996ba2f82b9e9fa655c6b61 size: 1404

Showing logs for build [32mcb-kubecd-node-demo-js-3-master-whvpv-3[0m stage [32mfrom-build-pack[0m and container [32mstep-promote-changelog[0m
Converted /workspace/source/charts/node-demo-js-3 to an unshallow repository
Generating change log from git ref e9dcdd465cd50aa7debb694889913a538da47071 => 8523043ecdfc809ac64ad4f04ec5ac62160d1857
Associating user x-0 in users.jenkins.io with email jenkins-x@googlegroups.com to git GitProvider user with login -0 as emails match
Adding label jenkins.io/git-github-userid=-0 to user x-0 in users.jenkins.io
WARNING: Failed to enrich commit 1e8d762f4007f051502ab18a787f266b52b438a1 with issues: User.jenkins.io "x-0" is invalid: metadata.labels: Invalid value: "-0": a valid label must be an empty string or consist of alphanumeric characters, '-', '_' or '.', and must start and end with an alphanumeric character (e.g. 'MyValue',  or 'my_value',  or '12345', regex used for validation is '(([A-Za-z0-9][-A-Za-z0-9_.]*)?[A-Za-z0-9])?')
Associating user x-0 in users.jenkins.io with email jenkins-x@googlegroups.com to git GitProvider user with login -0 as emails match
Adding label jenkins.io/git-github-userid=-0 to user x-0 in users.jenkins.io
WARNING: Failed to enrich commit 1e8d762f4007f051502ab18a787f266b52b438a1 with issues: User.jenkins.io "x-0" is invalid: metadata.labels: Invalid value: "-0": a valid label must be an empty string or consist of alphanumeric characters, '-', '_' or '.', and must start and end with an alphanumeric character (e.g. 'MyValue',  or 'my_value',  or '12345', regex used for validation is '(([A-Za-z0-9][-A-Za-z0-9_.]*)?[A-Za-z0-9])?')
Finding issues in commit messages using git format
WARNING: Failed to enrich commit 105038ec0a6b5a3091f1b9e3a475d98037d8d556 with issues: users.jenkins.io "x-0" already exists
WARNING: Failed to enrich commit 105038ec0a6b5a3091f1b9e3a475d98037d8d556 with issues: users.jenkins.io "x-0" already exists
WARNING: No release found for cb-kubecd/node-demo-js-3 and tag v1.0.2 so creating a new release
Updated the release information at https://github.com/cb-kubecd/node-demo-js-3/releases/tag/v1.0.2
generated: /workspace/source/charts/node-demo-js-3/templates/release.yaml
Created Release node-demo-js-3-1-0-2 resource in namespace **
Updating PipelineActivity cb-kubecd-node-demo-js-3-master-3 with version 1.0.2
Updated PipelineActivities cb-kubecd-node-demo-js-3-master-3 with release notes URL: https://github.com/cb-kubecd/node-demo-js-3/releases/tag/v1.0.2

Showing logs for build [32mcb-kubecd-node-demo-js-3-master-whvpv-3[0m stage [32mfrom-build-pack[0m and container [32mstep-promote-helm-release[0m
WARNING: No $CHART_REPOSITORY defined so using the default value of: http://jenkins-x-chartmuseum:8080
Adding missing Helm repo: storage.googleapis.com https://storage.googleapis.com/chartmuseum.jenkins-x.io
Successfully added Helm repository storage.googleapis.com.
Adding missing Helm repo: jenkins-x-chartmuseum http://jenkins-x-chartmuseum:8080
Successfully added Helm repository jenkins-x-chartmuseum.
WARNING: No $CHART_REPOSITORY defined so using the default value of: http://jenkins-x-chartmuseum:8080
Uploading chart file node-demo-js-3-1.0.2.tgz to http://jenkins-x-chartmuseum:8080/api/charts
Received 201 response: {"saved":true}

Showing logs for build [32mcb-kubecd-node-demo-js-3-master-whvpv-3[0m stage [32mfrom-build-pack[0m and container [32mstep-promote-jx-promote[0m
WARNING: prow based install so skip waiting for the merge of Pull Requests to go green as currently there is an issue with gettingstatuses from the PR, see https://github.com/jenkins-x/**/issues/2410
WARNING: No $CHART_REPOSITORY defined so using the default value of: http://jenkins-x-chartmuseum:8080
Promoting app node-demo-js-3 version 1.0.2 to namespace **-staging
WARNING: could not find upstream git URL failed to unmarshal  due to no GitConfDir defined
pushed merged branch promote-node-demo-js-3-1.0.2
Created Pull Request: https://github.com/cb-kubecd/environment-bootv3-demo-staging/pull/2
Added label updatebot to Pull Request https://github.com/cb-kubecd/environment-bootv3-demo-staging/pull/2
got git provider status pending from PR https://github.com/cb-kubecd/environment-bootv3-demo-staging/pull/2
got git provider status pending from PR https://github.com/cb-kubecd/environment-bootv3-demo-staging/pull/2
got git provider status pending from PR https://github.com/cb-kubecd/environment-bootv3-demo-staging/pull/2
Pull Request https://github.com/cb-kubecd/environment-bootv3-demo-staging/pull/2 is merged at sha d1b1eadfd451715ab82cdfddc4c8f2c82011e2f6
Pull Request merged but we are not waiting for the update pipeline to complete!
