
Showing logs for build [32mcb-kubecd-node-demo-js-3-master-4pb26-6[0m stage [32mfrom-build-pack[0m and container [32mstep-credential-initializer-vxrt5[0m
{"level":"warn","ts":1587720534.9155793,"logger":"fallback-logger","caller":"logging/config.go:69","msg":"Fetch GitHub commit ID from kodata failed: \"ref: refs/heads/0.8.0-**-support-backwards-incompats\" is not a valid GitHub commit ID"}
{"level":"info","ts":1587720534.9162455,"logger":"fallback-logger","caller":"creds-init/main.go:40","msg":"Credentials initialized."}

Showing logs for build [32mcb-kubecd-node-demo-js-3-master-4pb26-6[0m stage [32mfrom-build-pack[0m and container [32mstep-working-dir-initializer-bx62n[0m
{"level":"warn","ts":1587720535.4081728,"logger":"fallback-logger","caller":"logging/config.go:69","msg":"Fetch GitHub commit ID from kodata failed: open /var/run/ko/HEAD: no such file or directory"}
{"level":"info","ts":1587720535.4095697,"logger":"fallback-logger","caller":"bash/main.go:64","msg":"Successfully executed command \"sh -c mkdir -p /workspace/source\"; output "}

Showing logs for build [32mcb-kubecd-node-demo-js-3-master-4pb26-6[0m stage [32mfrom-build-pack[0m and container [32mstep-place-tools[0m

Showing logs for build [32mcb-kubecd-node-demo-js-3-master-4pb26-6[0m stage [32mfrom-build-pack[0m and container [32mstep-git-source-cb-kubecd-node-demo-js-3-master-4pb26-ngcm5[0m
{"level":"warn","ts":1587720568.515367,"logger":"fallback-logger","caller":"logging/config.go:69","msg":"Fetch GitHub commit ID from kodata failed: \"ref: refs/heads/0.8.0-**-support-backwards-incompats\" is not a valid GitHub commit ID"}
{"level":"info","ts":1587720569.6281888,"logger":"fallback-logger","caller":"git/git.go:103","msg":"Successfully cloned https://github.com/cb-kubecd/node-demo-js-3.git @ v1.0.4 in path /workspace/source"}

Showing logs for build [32mcb-kubecd-node-demo-js-3-master-4pb26-6[0m stage [32mfrom-build-pack[0m and container [32mstep-git-merge[0m
Using SHAs from PULL_REFS=master:
WARNING: no SHAs to merge, falling back to initial cloned commit

Showing logs for build [32mcb-kubecd-node-demo-js-3-master-4pb26-6[0m stage [32mfrom-build-pack[0m and container [32mstep-setup-jx-git-credentials[0m
Generated Git credentials file /workspace/xdg_config/git/credentials

Showing logs for build [32mcb-kubecd-node-demo-js-3-master-4pb26-6[0m stage [32mfrom-build-pack[0m and container [32mstep-build-npmrc[0m
Command "credential" is deprecated, it will be removed on Jun 1 2020.  This is replaced by Tekton's mounted secrets
WARNING: failed to find Secret npm-token in namespace **

Showing logs for build [32mcb-kubecd-node-demo-js-3-master-4pb26-6[0m stage [32mfrom-build-pack[0m and container [32mstep-build-npm-install[0m
npm notice created a lockfile as package-lock.json. You should commit this file.
npm WARN REPLACE_ME@1.0.4 No repository field.
npm WARN REPLACE_ME@1.0.4 No license field.

up to date in 0.365s
found 0 vulnerabilities


Showing logs for build [32mcb-kubecd-node-demo-js-3-master-4pb26-6[0m stage [32mfrom-build-pack[0m and container [32mstep-build-npm-test[0m

> REPLACE_ME@1.0.4 test /workspace/source
> echo "no test specified" && exit 0

no test specified

Showing logs for build [32mcb-kubecd-node-demo-js-3-master-4pb26-6[0m stage [32mfrom-build-pack[0m and container [32mstep-build-container-build[0m
ERROR: logging before flag.Parse: E0424 09:29:37.601700      10 metadata.go:241] Failed to unmarshal scopes: invalid character 'h' looking for beginning of value
[36mINFO[0m[0000] Resolved base name node:9-slim to node:9-slim 
[36mINFO[0m[0000] Using dockerignore file: /workspace/source/.dockerignore 
[36mINFO[0m[0000] Resolved base name node:9-slim to node:9-slim 
[36mINFO[0m[0000] Retrieving image manifest node:9-slim        
ERROR: logging before flag.Parse: E0424 09:29:37.931892      10 metadata.go:142] while reading 'google-dockercfg' metadata: http status code: 404 while fetching url http://metadata.google.internal./computeMetadata/v1/instance/attributes/google-dockercfg
ERROR: logging before flag.Parse: E0424 09:29:37.933541      10 metadata.go:159] while reading 'google-dockercfg-url' metadata: http status code: 404 while fetching url http://metadata.google.internal./computeMetadata/v1/instance/attributes/google-dockercfg-url
[36mINFO[0m[0001] Retrieving image manifest node:9-slim        
[36mINFO[0m[0002] Built cross stage deps: map[]                
[36mINFO[0m[0002] Retrieving image manifest node:9-slim        
[36mINFO[0m[0003] Retrieving image manifest node:9-slim        
[36mINFO[0m[0004] cmd: EXPOSE                                  
[36mINFO[0m[0004] Adding exposed port: 8080/tcp                
[36mINFO[0m[0004] Checking for cached layer gcr.io/jstrachan-multicluster/cache:ea3ec960af297446fb1cb34873180fabba3e6056cd46ebf700eae0cc4b5124fb... 
[36mINFO[0m[0004] No cached layer found for cmd COPY . .       
[36mINFO[0m[0004] Unpacking rootfs as cmd COPY . . requires it. 
[36mINFO[0m[0009] Taking snapshot of full filesystem...        
[36mINFO[0m[0011] Resolving paths                              
[36mINFO[0m[0012] ENV PORT 8080                                
[36mINFO[0m[0012] No files changed in this command, skipping snapshotting. 
[36mINFO[0m[0012] EXPOSE 8080                                  
[36mINFO[0m[0012] cmd: EXPOSE                                  
[36mINFO[0m[0012] Adding exposed port: 8080/tcp                
[36mINFO[0m[0012] No files changed in this command, skipping snapshotting. 
[36mINFO[0m[0012] WORKDIR /usr/src/app                         
[36mINFO[0m[0012] cmd: workdir                                 
[36mINFO[0m[0012] Changed working directory to /usr/src/app    
[36mINFO[0m[0012] Creating directory /usr/src/app              
[36mINFO[0m[0012] Resolving paths                              
[36mINFO[0m[0012] Taking snapshot of files...                  
[36mINFO[0m[0012] COPY . .                                     
[36mINFO[0m[0012] Resolving paths                              
[36mINFO[0m[0012] Taking snapshot of files...                  
[36mINFO[0m[0012] CMD ["npm", "start"]                         
[36mINFO[0m[0012] No files changed in this command, skipping snapshotting. 
[36mINFO[0m[0012] Pushing layer gcr.io/jstrachan-multicluster/cache:ea3ec960af297446fb1cb34873180fabba3e6056cd46ebf700eae0cc4b5124fb to cache now 

Showing logs for build [32mcb-kubecd-node-demo-js-3-master-4pb26-6[0m stage [32mfrom-build-pack[0m and container [32mstep-promote-changelog[0m
Converted /workspace/source/charts/node-demo-js-3 to an unshallow repository
Generating change log from git ref 4ab29a3f0664c879b69b4d5920d0365a775b85f1 => 1cfb82c36a7f0d9026e1a862cbdd21880ed8de91
Associating user x-0 in users.jenkins.io with email jenkins-x@googlegroups.com to git GitProvider user with login -0 as emails match
Adding label jenkins.io/git-github-userid=-0 to user x-0 in users.jenkins.io
WARNING: Failed to enrich commit 41689339db54e7000dd05e6bbae740af2f341df3 with issues: User.jenkins.io "x-0" is invalid: metadata.labels: Invalid value: "-0": a valid label must be an empty string or consist of alphanumeric characters, '-', '_' or '.', and must start and end with an alphanumeric character (e.g. 'MyValue',  or 'my_value',  or '12345', regex used for validation is '(([A-Za-z0-9][-A-Za-z0-9_.]*)?[A-Za-z0-9])?')
Associating user x-0 in users.jenkins.io with email jenkins-x@googlegroups.com to git GitProvider user with login -0 as emails match
Adding label jenkins.io/git-github-userid=-0 to user x-0 in users.jenkins.io
WARNING: Failed to enrich commit 41689339db54e7000dd05e6bbae740af2f341df3 with issues: User.jenkins.io "x-0" is invalid: metadata.labels: Invalid value: "-0": a valid label must be an empty string or consist of alphanumeric characters, '-', '_' or '.', and must start and end with an alphanumeric character (e.g. 'MyValue',  or 'my_value',  or '12345', regex used for validation is '(([A-Za-z0-9][-A-Za-z0-9_.]*)?[A-Za-z0-9])?')
Finding issues in commit messages using git format
WARNING: No release found for cb-kubecd/node-demo-js-3 and tag v1.0.4 so creating a new release
Updated the release information at https://github.com/cb-kubecd/node-demo-js-3/releases/tag/v1.0.4
generated: /workspace/source/charts/node-demo-js-3/templates/release.yaml
Created Release node-demo-js-3-1-0-4 resource in namespace **
Updating PipelineActivity cb-kubecd-node-demo-js-3-master-6 with version 1.0.4
Updated PipelineActivities cb-kubecd-node-demo-js-3-master-6 with release notes URL: https://github.com/cb-kubecd/node-demo-js-3/releases/tag/v1.0.4

Showing logs for build [32mcb-kubecd-node-demo-js-3-master-4pb26-6[0m stage [32mfrom-build-pack[0m and container [32mstep-promote-helm-release[0m
WARNING: No $CHART_REPOSITORY defined so using the default value of: http://jenkins-x-chartmuseum:8080
Adding missing Helm repo: storage.googleapis.com https://storage.googleapis.com/chartmuseum.jenkins-x.io
Successfully added Helm repository storage.googleapis.com.
Adding missing Helm repo: jenkins-x-chartmuseum http://jenkins-x-chartmuseum:8080
Successfully added Helm repository jenkins-x-chartmuseum.
WARNING: No $CHART_REPOSITORY defined so using the default value of: http://jenkins-x-chartmuseum:8080
Uploading chart file node-demo-js-3-1.0.4.tgz to http://jenkins-x-chartmuseum:8080/api/charts
Received 201 response: {"saved":true}

Showing logs for build [32mcb-kubecd-node-demo-js-3-master-4pb26-6[0m stage [32mfrom-build-pack[0m and container [32mstep-promote-jx-promote[0m
WARNING: prow based install so skip waiting for the merge of Pull Requests to go green as currently there is an issue with gettingstatuses from the PR, see https://github.com/jenkins-x/**/issues/2410
WARNING: No $CHART_REPOSITORY defined so using the default value of: http://jenkins-x-chartmuseum:8080
Promoting app node-demo-js-3 version 1.0.4 to namespace **-staging
WARNING: could not find upstream git URL failed to unmarshal  due to no GitConfDir defined
pushed merged branch promote-node-demo-js-3-1.0.4
Created Pull Request: https://github.com/cb-kubecd/environment-bootv3-demo-staging/pull/6
Added label updatebot to Pull Request https://github.com/cb-kubecd/environment-bootv3-demo-staging/pull/6
got git provider status pending from PR https://github.com/cb-kubecd/environment-bootv3-demo-staging/pull/6
got git provider status pending from PR https://github.com/cb-kubecd/environment-bootv3-demo-staging/pull/6
got git provider status pending from PR https://github.com/cb-kubecd/environment-bootv3-demo-staging/pull/6
got git provider status pending from PR https://github.com/cb-kubecd/environment-bootv3-demo-staging/pull/6
Pull Request https://github.com/cb-kubecd/environment-bootv3-demo-staging/pull/6 is merged at sha 168e7636873350410ce55082e58f21783dd4810a
Pull Request merged but we are not waiting for the update pipeline to complete!
