
Showing logs for build [32mcb-kubecd-node-demo-js-3-master-l7xxr-8[0m stage [32mfrom-build-pack[0m and container [32mstep-credential-initializer-q9gpr[0m
{"level":"warn","ts":1587723330.9635837,"logger":"fallback-logger","caller":"logging/config.go:69","msg":"Fetch GitHub commit ID from kodata failed: \"ref: refs/heads/0.8.0-**-support-backwards-incompats\" is not a valid GitHub commit ID"}
{"level":"info","ts":1587723330.964141,"logger":"fallback-logger","caller":"creds-init/main.go:40","msg":"Credentials initialized."}

Showing logs for build [32mcb-kubecd-node-demo-js-3-master-l7xxr-8[0m stage [32mfrom-build-pack[0m and container [32mstep-working-dir-initializer-vmzcz[0m
{"level":"warn","ts":1587723331.7572126,"logger":"fallback-logger","caller":"logging/config.go:69","msg":"Fetch GitHub commit ID from kodata failed: open /var/run/ko/HEAD: no such file or directory"}
{"level":"info","ts":1587723331.75884,"logger":"fallback-logger","caller":"bash/main.go:64","msg":"Successfully executed command \"sh -c mkdir -p /workspace/source\"; output "}

Showing logs for build [32mcb-kubecd-node-demo-js-3-master-l7xxr-8[0m stage [32mfrom-build-pack[0m and container [32mstep-place-tools[0m

Showing logs for build [32mcb-kubecd-node-demo-js-3-master-l7xxr-8[0m stage [32mfrom-build-pack[0m and container [32mstep-git-source-cb-kubecd-node-demo-js-3-master-l7xxr-6bgdz[0m
{"level":"warn","ts":1587723338.8736777,"logger":"fallback-logger","caller":"logging/config.go:69","msg":"Fetch GitHub commit ID from kodata failed: \"ref: refs/heads/0.8.0-**-support-backwards-incompats\" is not a valid GitHub commit ID"}
{"level":"info","ts":1587723340.1713293,"logger":"fallback-logger","caller":"git/git.go:103","msg":"Successfully cloned https://github.com/cb-kubecd/node-demo-js-3.git @ v1.0.6 in path /workspace/source"}

Showing logs for build [32mcb-kubecd-node-demo-js-3-master-l7xxr-8[0m stage [32mfrom-build-pack[0m and container [32mstep-git-merge[0m
Using SHAs from PULL_REFS=master:
WARNING: no SHAs to merge, falling back to initial cloned commit

Showing logs for build [32mcb-kubecd-node-demo-js-3-master-l7xxr-8[0m stage [32mfrom-build-pack[0m and container [32mstep-setup-jx-git-credentials[0m
Generated Git credentials file /workspace/xdg_config/git/credentials

Showing logs for build [32mcb-kubecd-node-demo-js-3-master-l7xxr-8[0m stage [32mfrom-build-pack[0m and container [32mstep-build-npmrc[0m
Command "credential" is deprecated, it will be removed on Jun 1 2020.  This is replaced by Tekton's mounted secrets
WARNING: failed to find Secret npm-token in namespace **

Showing logs for build [32mcb-kubecd-node-demo-js-3-master-l7xxr-8[0m stage [32mfrom-build-pack[0m and container [32mstep-build-npm-install[0m
npm notice created a lockfile as package-lock.json. You should commit this file.
npm WARN REPLACE_ME@1.0.6 No repository field.
npm WARN REPLACE_ME@1.0.6 No license field.

up to date in 0.599s
found 0 vulnerabilities


Showing logs for build [32mcb-kubecd-node-demo-js-3-master-l7xxr-8[0m stage [32mfrom-build-pack[0m and container [32mstep-build-npm-test[0m

> REPLACE_ME@1.0.6 test /workspace/source
> echo "no test specified" && exit 0

no test specified

Showing logs for build [32mcb-kubecd-node-demo-js-3-master-l7xxr-8[0m stage [32mfrom-build-pack[0m and container [32mstep-build-container-build[0m
ERROR: logging before flag.Parse: E0424 10:15:49.420037      11 metadata.go:241] Failed to unmarshal scopes: invalid character 'h' looking for beginning of value
[36mINFO[0m[0000] Resolved base name node:9-slim to node:9-slim 
[36mINFO[0m[0000] Using dockerignore file: /workspace/source/.dockerignore 
[36mINFO[0m[0000] Resolved base name node:9-slim to node:9-slim 
[36mINFO[0m[0000] Retrieving image manifest node:9-slim        
ERROR: logging before flag.Parse: E0424 10:15:49.707152      11 metadata.go:142] while reading 'google-dockercfg' metadata: http status code: 404 while fetching url http://metadata.google.internal./computeMetadata/v1/instance/attributes/google-dockercfg
ERROR: logging before flag.Parse: E0424 10:15:49.709468      11 metadata.go:159] while reading 'google-dockercfg-url' metadata: http status code: 404 while fetching url http://metadata.google.internal./computeMetadata/v1/instance/attributes/google-dockercfg-url
[36mINFO[0m[0001] Retrieving image manifest node:9-slim        
[36mINFO[0m[0002] Built cross stage deps: map[]                
[36mINFO[0m[0002] Retrieving image manifest node:9-slim        
[36mINFO[0m[0003] Retrieving image manifest node:9-slim        
[36mINFO[0m[0004] cmd: EXPOSE                                  
[36mINFO[0m[0004] Adding exposed port: 8080/tcp                
[36mINFO[0m[0004] Checking for cached layer gcr.io/jstrachan-multicluster/cache:b3b7b2c4e2dbc28b5bcc186c410830aa1bd5259c1535960df07957c3338bb842... 
[36mINFO[0m[0004] No cached layer found for cmd COPY . .       
[36mINFO[0m[0004] Unpacking rootfs as cmd COPY . . requires it. 
[36mINFO[0m[0009] Taking snapshot of full filesystem...        
[36mINFO[0m[0010] Resolving paths                              
[36mINFO[0m[0011] ENV PORT 8080                                
[36mINFO[0m[0011] No files changed in this command, skipping snapshotting. 
[36mINFO[0m[0011] EXPOSE 8080                                  
[36mINFO[0m[0011] cmd: EXPOSE                                  
[36mINFO[0m[0011] Adding exposed port: 8080/tcp                
[36mINFO[0m[0011] No files changed in this command, skipping snapshotting. 
[36mINFO[0m[0011] WORKDIR /usr/src/app                         
[36mINFO[0m[0011] cmd: workdir                                 
[36mINFO[0m[0011] Changed working directory to /usr/src/app    
[36mINFO[0m[0011] Creating directory /usr/src/app              
[36mINFO[0m[0011] Resolving paths                              
[36mINFO[0m[0011] Taking snapshot of files...                  
[36mINFO[0m[0011] COPY . .                                     
[36mINFO[0m[0011] Resolving paths                              
[36mINFO[0m[0011] Taking snapshot of files...                  
[36mINFO[0m[0011] CMD ["npm", "start"]                         
[36mINFO[0m[0011] No files changed in this command, skipping snapshotting. 
[36mINFO[0m[0011] Pushing layer gcr.io/jstrachan-multicluster/cache:b3b7b2c4e2dbc28b5bcc186c410830aa1bd5259c1535960df07957c3338bb842 to cache now 

Showing logs for build [32mcb-kubecd-node-demo-js-3-master-l7xxr-8[0m stage [32mfrom-build-pack[0m and container [32mstep-promote-changelog[0m
Converted /workspace/source/charts/node-demo-js-3 to an unshallow repository
Generating change log from git ref 47f0a44d0936cd007d64c7f9af3ee81bd484c073 => c76ee5d3adfee9d18b04a7e39fede14efce05f73
Associating user x-0 in users.jenkins.io with email jenkins-x@googlegroups.com to git GitProvider user with login -0 as emails match
Adding label jenkins.io/git-github-userid=-0 to user x-0 in users.jenkins.io
WARNING: Failed to enrich commit 3b6b4d6ef0282cc696aca143f0e32b83d81608d3 with issues: User.jenkins.io "x-0" is invalid: metadata.labels: Invalid value: "-0": a valid label must be an empty string or consist of alphanumeric characters, '-', '_' or '.', and must start and end with an alphanumeric character (e.g. 'MyValue',  or 'my_value',  or '12345', regex used for validation is '(([A-Za-z0-9][-A-Za-z0-9_.]*)?[A-Za-z0-9])?')
Associating user x-0 in users.jenkins.io with email jenkins-x@googlegroups.com to git GitProvider user with login -0 as emails match
Adding label jenkins.io/git-github-userid=-0 to user x-0 in users.jenkins.io
WARNING: Failed to enrich commit 3b6b4d6ef0282cc696aca143f0e32b83d81608d3 with issues: User.jenkins.io "x-0" is invalid: metadata.labels: Invalid value: "-0": a valid label must be an empty string or consist of alphanumeric characters, '-', '_' or '.', and must start and end with an alphanumeric character (e.g. 'MyValue',  or 'my_value',  or '12345', regex used for validation is '(([A-Za-z0-9][-A-Za-z0-9_.]*)?[A-Za-z0-9])?')
Finding issues in commit messages using git format
WARNING: No release found for cb-kubecd/node-demo-js-3 and tag v1.0.6 so creating a new release
Updated the release information at https://github.com/cb-kubecd/node-demo-js-3/releases/tag/v1.0.6
generated: /workspace/source/charts/node-demo-js-3/templates/release.yaml
Created Release node-demo-js-3-1-0-6 resource in namespace **
Updating PipelineActivity cb-kubecd-node-demo-js-3-master-8 with version 1.0.6
Updated PipelineActivities cb-kubecd-node-demo-js-3-master-8 with release notes URL: https://github.com/cb-kubecd/node-demo-js-3/releases/tag/v1.0.6

Showing logs for build [32mcb-kubecd-node-demo-js-3-master-l7xxr-8[0m stage [32mfrom-build-pack[0m and container [32mstep-promote-helm-release[0m
WARNING: No $CHART_REPOSITORY defined so using the default value of: http://jenkins-x-chartmuseum:8080
Adding missing Helm repo: storage.googleapis.com https://storage.googleapis.com/chartmuseum.jenkins-x.io
Successfully added Helm repository storage.googleapis.com.
Adding missing Helm repo: jenkins-x-chartmuseum http://jenkins-x-chartmuseum:8080
Successfully added Helm repository jenkins-x-chartmuseum.
WARNING: No $CHART_REPOSITORY defined so using the default value of: http://jenkins-x-chartmuseum:8080
Uploading chart file node-demo-js-3-1.0.6.tgz to http://jenkins-x-chartmuseum:8080/api/charts
Received 201 response: {"saved":true}

Showing logs for build [32mcb-kubecd-node-demo-js-3-master-l7xxr-8[0m stage [32mfrom-build-pack[0m and container [32mstep-promote-jx-promote[0m
WARNING: prow based install so skip waiting for the merge of Pull Requests to go green as currently there is an issue with gettingstatuses from the PR, see https://github.com/jenkins-x/**/issues/2410
WARNING: No $CHART_REPOSITORY defined so using the default value of: http://jenkins-x-chartmuseum:8080
Promoting app node-demo-js-3 version 1.0.6 to namespace **-staging
WARNING: could not find upstream git URL failed to unmarshal  due to no GitConfDir defined
pushed merged branch promote-node-demo-js-3-1.0.6
Created Pull Request: https://github.com/cb-kubecd/environment-bootv3-demo-staging/pull/8
Added label updatebot to Pull Request https://github.com/cb-kubecd/environment-bootv3-demo-staging/pull/8
got git provider status pending from PR https://github.com/cb-kubecd/environment-bootv3-demo-staging/pull/8
got git provider status pending from PR https://github.com/cb-kubecd/environment-bootv3-demo-staging/pull/8
got git provider status pending from PR https://github.com/cb-kubecd/environment-bootv3-demo-staging/pull/8
got git provider status pending from PR https://github.com/cb-kubecd/environment-bootv3-demo-staging/pull/8
Pull Request https://github.com/cb-kubecd/environment-bootv3-demo-staging/pull/8 is merged at sha 6d27097e5bc22c8767cca4d9d7080f269ddd2657
Pull Request merged but we are not waiting for the update pipeline to complete!
